{"C:\\Users\\LENOVO\\Desktop\\proyectos\\EcommerceNode2\\src\\app.ts": {"path":"C:\\Users\\LENOVO\\Desktop\\proyectos\\EcommerceNode2\\src\\app.ts","statementMap":{"0":{"start":{"line":1,"column":0},"end":{"line":1,"column":30}},"1":{"start":{"line":2,"column":0},"end":{"line":2,"column":53}},"2":{"start":{"line":3,"column":0},"end":{"line":3,"column":25}},"3":{"start":{"line":5,"column":12},"end":{"line":5,"column":21}},"4":{"start":{"line":7,"column":0},"end":{"line":7,"column":24}},"5":{"start":{"line":9,"column":0},"end":{"line":15,"column":5}},"6":{"start":{"line":11,"column":4},"end":{"line":11,"column":40}},"7":{"start":{"line":14,"column":4},"end":{"line":14,"column":23}},"8":{"start":{"line":17,"column":0},"end":{"line":23,"column":5}},"9":{"start":{"line":19,"column":4},"end":{"line":19,"column":29}},"10":{"start":{"line":22,"column":4},"end":{"line":22,"column":23}},"11":{"start":{"line":25,"column":0},"end":{"line":25,"column":44}},"12":{"start":{"line":30,"column":0},"end":{"line":30,"column":19}}},"fnMap":{"0":{"name":"(anonymous_1)","decl":{"start":{"line":10,"column":8},"end":{"line":10,"column":9}},"loc":{"start":{"line":10,"column":17},"end":{"line":12,"column":3}}},"1":{"name":"(anonymous_2)","decl":{"start":{"line":13,"column":9},"end":{"line":13,"column":10}},"loc":{"start":{"line":13,"column":19},"end":{"line":15,"column":3}}},"2":{"name":"(anonymous_3)","decl":{"start":{"line":18,"column":8},"end":{"line":18,"column":9}},"loc":{"start":{"line":18,"column":17},"end":{"line":20,"column":3}}},"3":{"name":"(anonymous_4)","decl":{"start":{"line":21,"column":9},"end":{"line":21,"column":10}},"loc":{"start":{"line":21,"column":19},"end":{"line":23,"column":3}}}},"branchMap":{},"s":{"0":1,"1":1,"2":1,"3":1,"4":1,"5":1,"6":1,"7":0,"8":1,"9":1,"10":0,"11":1,"12":1},"f":{"0":1,"1":0,"2":1,"3":0},"b":{}}
,"C:\\Users\\LENOVO\\Desktop\\proyectos\\EcommerceNode2\\src\\controllers\\products.controllers.ts": {"path":"C:\\Users\\LENOVO\\Desktop\\proyectos\\EcommerceNode2\\src\\controllers\\products.controllers.ts","statementMap":{"0":{"start":{"line":1,"column":0},"end":{"line":1,"column":46}},"1":{"start":{"line":3,"column":0},"end":{"line":3,"column":36}},"2":{"start":{"line":7,"column":31},"end":{"line":8,"column":26}},"3":{"start":{"line":7,"column":72},"end":{"line":8,"column":26}},"4":{"start":{"line":8,"column":2},"end":{"line":8,"column":26}},"5":{"start":{"line":7,"column":13},"end":{"line":7,"column":31}},"6":{"start":{"line":10,"column":31},"end":{"line":13,"column":43}},"7":{"start":{"line":12,"column":39},"end":{"line":13,"column":43}},"8":{"start":{"line":13,"column":2},"end":{"line":13,"column":43}},"9":{"start":{"line":10,"column":13},"end":{"line":10,"column":31}},"10":{"start":{"line":15,"column":22},"end":{"line":19,"column":2}},"11":{"start":{"line":17,"column":39},"end":{"line":19,"column":2}},"12":{"start":{"line":18,"column":2},"end":{"line":18,"column":60}},"13":{"start":{"line":15,"column":13},"end":{"line":15,"column":22}}},"fnMap":{"0":{"name":"(anonymous_8)","decl":{"start":{"line":7,"column":31},"end":{"line":7,"column":70}},"loc":{"start":{"line":7,"column":72},"end":{"line":8,"column":26}}},"1":{"name":"(anonymous_9)","decl":{"start":{"line":7,"column":72},"end":{"line":7,"column":null}},"loc":{"start":{"line":7,"column":72},"end":{"line":8,"column":26}}},"2":{"name":"(anonymous_10)","decl":{"start":{"line":10,"column":31},"end":{"line":10,"column":null}},"loc":{"start":{"line":12,"column":39},"end":{"line":13,"column":43}}},"3":{"name":"(anonymous_11)","decl":{"start":{"line":12,"column":39},"end":{"line":12,"column":null}},"loc":{"start":{"line":12,"column":39},"end":{"line":13,"column":43}}},"4":{"name":"(anonymous_12)","decl":{"start":{"line":15,"column":22},"end":{"line":15,"column":null}},"loc":{"start":{"line":17,"column":39},"end":{"line":19,"column":2}}},"5":{"name":"(anonymous_13)","decl":{"start":{"line":17,"column":39},"end":{"line":17,"column":null}},"loc":{"start":{"line":17,"column":39},"end":{"line":19,"column":1}}}},"branchMap":{},"s":{"0":1,"1":1,"2":1,"3":2,"4":2,"5":1,"6":1,"7":0,"8":0,"9":1,"10":1,"11":0,"12":0,"13":1},"f":{"0":2,"1":2,"2":0,"3":0,"4":0,"5":0},"b":{}}
,"C:\\Users\\LENOVO\\Desktop\\proyectos\\EcommerceNode2\\src\\db\\db.ts": {"path":"C:\\Users\\LENOVO\\Desktop\\proyectos\\EcommerceNode2\\src\\db\\db.ts","statementMap":{"0":{"start":{"line":1,"column":0},"end":{"line":1,"column":49}},"1":{"start":{"line":2,"column":0},"end":{"line":2,"column":28}},"2":{"start":{"line":4,"column":0},"end":{"line":4,"column":46}},"3":{"start":{"line":6,"column":0},"end":{"line":6,"column":16}},"4":{"start":{"line":8,"column":16},"end":{"line":8,"column":49}},"5":{"start":{"line":9,"column":13},"end":{"line":9,"column":42}},"6":{"start":{"line":10,"column":17},"end":{"line":10,"column":46}},"7":{"start":{"line":11,"column":17},"end":{"line":11,"column":40}},"8":{"start":{"line":12,"column":17},"end":{"line":12,"column":46}},"9":{"start":{"line":15,"column":11},"end":{"line":19,"column":2}},"10":{"start":{"line":21,"column":0},"end":{"line":21,"column":18}}},"fnMap":{},"branchMap":{},"s":{"0":1,"1":1,"2":1,"3":1,"4":1,"5":1,"6":1,"7":1,"8":1,"9":1,"10":1},"f":{},"b":{}}
,"C:\\Users\\LENOVO\\Desktop\\proyectos\\EcommerceNode2\\src\\models\\product.model.ts": {"path":"C:\\Users\\LENOVO\\Desktop\\proyectos\\EcommerceNode2\\src\\models\\product.model.ts","statementMap":{"0":{"start":{"line":1,"column":0},"end":{"line":1,"column":null}},"1":{"start":{"line":11,"column":0},"end":{"line":30,"column":null}},"2":{"start":{"line":17,"column":2},"end":{"line":17,"column":null}},"3":{"start":{"line":20,"column":2},"end":{"line":20,"column":null}},"4":{"start":{"line":26,"column":2},"end":{"line":26,"column":null}},"5":{"start":{"line":29,"column":2},"end":{"line":29,"column":null}},"6":{"start":{"line":11,"column":6},"end":{"line":30,"column":null}},"7":{"start":{"line":32,"column":0},"end":{"line":32,"column":23}}},"fnMap":{},"branchMap":{},"s":{"0":1,"1":1,"2":1,"3":1,"4":1,"5":1,"6":1,"7":1},"f":{},"b":{}}
,"C:\\Users\\LENOVO\\Desktop\\proyectos\\EcommerceNode2\\src\\routes\\products.route.ts": {"path":"C:\\Users\\LENOVO\\Desktop\\proyectos\\EcommerceNode2\\src\\routes\\products.route.ts","statementMap":{"0":{"start":{"line":1,"column":0},"end":{"line":1,"column":33}},"1":{"start":{"line":2,"column":0},"end":{"line":2,"column":61}},"2":{"start":{"line":4,"column":15},"end":{"line":4,"column":23}},"3":{"start":{"line":6,"column":0},"end":{"line":6,"column":73}},"4":{"start":{"line":7,"column":0},"end":{"line":7,"column":50}},"5":{"start":{"line":9,"column":0},"end":{"line":9,"column":22}}},"fnMap":{},"branchMap":{},"s":{"0":1,"1":1,"2":1,"3":1,"4":1,"5":1},"f":{},"b":{}}
,"C:\\Users\\LENOVO\\Desktop\\proyectos\\EcommerceNode2\\src\\services\\products.http.ts": {"path":"C:\\Users\\LENOVO\\Desktop\\proyectos\\EcommerceNode2\\src\\services\\products.http.ts","statementMap":{"0":{"start":{"line":1,"column":0},"end":{"line":1,"column":null}},"1":{"start":{"line":7,"column":22},"end":{"line":15,"column":1}},"2":{"start":{"line":8,"column":2},"end":{"line":14,"column":7}},"3":{"start":{"line":10,"column":6},"end":{"line":10,"column":72}},"4":{"start":{"line":13,"column":6},"end":{"line":13,"column":62}},"5":{"start":{"line":7,"column":13},"end":{"line":7,"column":22}},"6":{"start":{"line":17,"column":23},"end":{"line":28,"column":1}},"7":{"start":{"line":18,"column":13},"end":{"line":18,"column":34}},"8":{"start":{"line":20,"column":2},"end":{"line":27,"column":70}},"9":{"start":{"line":22,"column":6},"end":{"line":24,"column":71}},"10":{"start":{"line":27,"column":22},"end":{"line":27,"column":68}},"11":{"start":{"line":17,"column":13},"end":{"line":17,"column":23}},"12":{"start":{"line":30,"column":20},"end":{"line":63,"column":1}},"13":{"start":{"line":31,"column":15},"end":{"line":31,"column":23}},"14":{"start":{"line":33,"column":2},"end":{"line":34,"column":54}},"15":{"start":{"line":34,"column":4},"end":{"line":34,"column":54}},"16":{"start":{"line":36,"column":2},"end":{"line":52,"column":null}},"17":{"start":{"line":44,"column":4},"end":{"line":51,"column":7}},"18":{"start":{"line":54,"column":2},"end":{"line":62,"column":72}},"19":{"start":{"line":56,"column":6},"end":{"line":60,"column":11}},"20":{"start":{"line":57,"column":8},"end":{"line":60,"column":11}},"21":{"start":{"line":62,"column":22},"end":{"line":62,"column":70}},"22":{"start":{"line":30,"column":13},"end":{"line":30,"column":20}}},"fnMap":{"0":{"name":"(anonymous_0)","decl":{"start":{"line":7,"column":22},"end":{"line":7,"column":23}},"loc":{"start":{"line":7,"column":42},"end":{"line":15,"column":1}}},"1":{"name":"(anonymous_1)","decl":{"start":{"line":9,"column":10},"end":{"line":9,"column":11}},"loc":{"start":{"line":9,"column":23},"end":{"line":11,"column":5}}},"2":{"name":"(anonymous_2)","decl":{"start":{"line":12,"column":11},"end":{"line":12,"column":12}},"loc":{"start":{"line":12,"column":21},"end":{"line":14,"column":5}}},"3":{"name":"(anonymous_3)","decl":{"start":{"line":17,"column":23},"end":{"line":17,"column":24}},"loc":{"start":{"line":17,"column":42},"end":{"line":28,"column":1}}},"4":{"name":"(anonymous_4)","decl":{"start":{"line":21,"column":10},"end":{"line":21,"column":11}},"loc":{"start":{"line":21,"column":23},"end":{"line":26,"column":5}}},"5":{"name":"(anonymous_5)","decl":{"start":{"line":27,"column":11},"end":{"line":27,"column":12}},"loc":{"start":{"line":27,"column":22},"end":{"line":27,"column":68}}},"6":{"name":"(anonymous_6)","decl":{"start":{"line":30,"column":20},"end":{"line":30,"column":21}},"loc":{"start":{"line":30,"column":39},"end":{"line":63,"column":1}}},"7":{"name":"(anonymous_7)","decl":{"start":{"line":55,"column":10},"end":{"line":55,"column":11}},"loc":{"start":{"line":55,"column":23},"end":{"line":61,"column":5}}},"8":{"name":"(anonymous_8)","decl":{"start":{"line":62,"column":11},"end":{"line":62,"column":12}},"loc":{"start":{"line":62,"column":22},"end":{"line":62,"column":70}}}},"branchMap":{"0":{"loc":{"start":{"line":22,"column":6},"end":{"line":24,"column":70}},"type":"cond-expr","locations":[{"start":{"line":23,"column":10},"end":{"line":23,"column":44}},{"start":{"line":24,"column":10},"end":{"line":24,"column":70}}]},"1":{"loc":{"start":{"line":33,"column":2},"end":{"line":34,"column":54}},"type":"if","locations":[{"start":{"line":33,"column":2},"end":{"line":34,"column":54}}]},"2":{"loc":{"start":{"line":33,"column":6},"end":{"line":33,"column":31}},"type":"cond-expr","locations":[{"start":{"line":33,"column":23},"end":{"line":33,"column":25}},{"start":{"line":33,"column":23},"end":{"line":33,"column":31}}]},"3":{"loc":{"start":{"line":33,"column":6},"end":{"line":33,"column":25}},"type":"binary-expr","locations":[{"start":{"line":33,"column":6},"end":{"line":33,"column":25}},{"start":{"line":33,"column":23},"end":{"line":33,"column":25}}]},"4":{"loc":{"start":{"line":36,"column":2},"end":{"line":52,"column":null}},"type":"if","locations":[{"start":{"line":36,"column":2},"end":{"line":52,"column":null}}]},"5":{"loc":{"start":{"line":37,"column":4},"end":{"line":42,"column":29}},"type":"binary-expr","locations":[{"start":{"line":37,"column":4},"end":{"line":37,"column":27}},{"start":{"line":38,"column":4},"end":{"line":38,"column":25}},{"start":{"line":39,"column":4},"end":{"line":39,"column":34}},{"start":{"line":40,"column":4},"end":{"line":40,"column":33}},{"start":{"line":41,"column":4},"end":{"line":41,"column":28}},{"start":{"line":42,"column":4},"end":{"line":42,"column":29}}]},"6":{"loc":{"start":{"line":56,"column":6},"end":{"line":60,"column":11}},"type":"if","locations":[{"start":{"line":56,"column":6},"end":{"line":60,"column":11}}]}},"s":{"0":1,"1":1,"2":2,"3":2,"4":0,"5":1,"6":1,"7":0,"8":0,"9":0,"10":0,"11":1,"12":1,"13":1,"14":1,"15":1,"16":1,"17":1,"18":0,"19":0,"20":0,"21":0,"22":1},"f":{"0":2,"1":2,"2":0,"3":0,"4":0,"5":0,"6":1,"7":0,"8":0},"b":{"0":[0,0],"1":[1],"2":[0,1],"3":[1,1],"4":[1],"5":[1,0,0,0,0,0],"6":[0]}}
}
